ochik100/HawaiiClub/app/build/outputs/logs/manifest-merger-debug-report.txt
-- Merging decision tree log ---
manifest
ADDED from src/main/AndroidManifest.xml:2:1-46:12
	package
		ADDED from src/main/AndroidManifest.xml:3:5-37
		INJECTED from src/main/AndroidManifest.xml
		INJECTED from src/main/AndroidManifest.xml
	android:versionName
		ADDED from src/main/AndroidManifest.xml:5:5-30
	android:versionCode
		ADDED from src/main/AndroidManifest.xml:4:5-28
		INJECTED from src/main/AndroidManifest.xml
		INJECTED from src/main/AndroidManifest.xml
	xmlns:android
		ADDED from src/main/AndroidManifest.xml:2:11-69
supports-screens
ADDED from src/main/AndroidManifest.xml:7:5-10:54
	android:largeScreens
		ADDED from src/main/AndroidManifest.xml:9:23-50
	android:smallScreens
		ADDED from src/main/AndroidManifest.xml:7:23-51
	android:normalScreens
		ADDED from src/main/AndroidManifest.xml:8:23-52
	android:xlargeScreens
		ADDED from src/main/AndroidManifest.xml:10:23-51
uses-sdk
ADDED from src/main/AndroidManifest.xml:11:5-13:41
	android:targetSdkVersion
		ADDED from src/main/AndroidManifest.xml:13:9-38
		INJECTED from src/main/AndroidManifest.xml
		INJECTED from src/main/AndroidManifest.xml
	android:minSdkVersion
		ADDED from src/main/AndroidManifest.xml:12:9-35
		INJECTED from src/main/AndroidManifest.xml
		INJECTED from src/main/AndroidManifest.xml
uses-permission#android.permission.INTERNET
ADDED from src/main/AndroidManifest.xml:15:5-67
	android:name
		ADDED from src/main/AndroidManifest.xml:15:22-64
application
ADDED from src/main/AndroidManifest.xml:19:5-44:19
	android:label
		ADDED from src/main/AndroidManifest.xml:22:9-41
	android:allowBackup
		ADDED from src/main/AndroidManifest.xml:20:9-35
	android:icon
		ADDED from src/main/AndroidManifest.xml:21:9-41
	android:theme
		ADDED from src/main/AndroidManifest.xml:23:9-40
activity#com.chapman.hawaiiclub.HomePage
ADDED from src/main/AndroidManifest.xml:24:9-33:20
	android:screenOrientation
		ADDED from src/main/AndroidManifest.xml:26:13-49
	android:label
		ADDED from src/main/AndroidManifest.xml:27:13-45
	android:name
		ADDED from src/main/AndroidManifest.xml:25:13-59
intent-filter#android.intent.action.MAIN+android.intent.category.LAUNCHER
ADDED from src/main/AndroidManifest.xml:28:13-32:29
action#android.intent.action.MAIN
ADDED from src/main/AndroidManifest.xml:29:17-69
	android:name
		ADDED from src/main/AndroidManifest.xml:29:25-66
category#android.intent.category.LAUNCHER
ADDED from src/main/AndroidManifest.xml:31:17-77
	android:name
		ADDED from src/main/AndroidManifest.xml:31:27-74
activity#com.chapman.hawaiiclub.MembersList
ADDED from src/main/AndroidManifest.xml:34:9-151
	android:screenOrientation
		ADDED from src/main/AndroidManifest.xml:34:103-139
	android:label
		ADDED from src/main/AndroidManifest.xml:34:69-102
	android:name
		ADDED from src/main/AndroidManifest.xml:34:19-68
activity#com.chapman.hawaiiclub.EventsList
ADDED from src/main/AndroidManifest.xml:35:9-148
	android:screenOrientation
		ADDED from src/main/AndroidManifest.xml:35:100-136
	android:label
		ADDED from src/main/AndroidManifest.xml:35:68-99
	android:name
		ADDED from src/main/AndroidManifest.xml:35:19-67
activity#com.chapman.hawaiiclub.AddMember
ADDED from src/main/AndroidManifest.xml:36:9-151
	android:screenOrientation
		ADDED from src/main/AndroidManifest.xml:36:103-139
	android:label
		ADDED from src/main/AndroidManifest.xml:36:67-102
	android:name
		ADDED from src/main/AndroidManifest.xml:36:19-66
activity#com.chapman.hawaiiclub.AddEvent
ADDED from src/main/AndroidManifest.xml:37:9-150
	android:screenOrientation
		ADDED from src/main/AndroidManifest.xml:37:102-138
	android:label
		ADDED from src/main/AndroidManifest.xml:37:66-101
	android:name
		ADDED from src/main/AndroidManifest.xml:37:19-65
activity#com.chapman.hawaiiclub.ViewMember
ADDED from src/main/AndroidManifest.xml:38:9-154
	android:screenOrientation
		ADDED from src/main/AndroidManifest.xml:38:106-142
	android:label
		ADDED from src/main/AndroidManifest.xml:38:68-105
	android:name
		ADDED from src/main/AndroidManifest.xml:38:19-67
activity#com.chapman.hawaiiclub.ViewEvent
ADDED from src/main/AndroidManifest.xml:39:9-152
	android:screenOrientation
		ADDED from src/main/AndroidManifest.xml:39:104-140
	android:label
		ADDED from src/main/AndroidManifest.xml:39:67-103
	android:name
		ADDED from src/main/AndroidManifest.xml:39:19-66
activity#com.chapman.hawaiiclub.SendReminder
ADDED from src/main/AndroidManifest.xml:40:9-153
	android:screenOrientation
		ADDED from src/main/AndroidManifest.xml:40:105-141
	android:label
		ADDED from src/main/AndroidManifest.xml:40:70-104
	android:name
		ADDED from src/main/AndroidManifest.xml:40:19-69
activity#com.chapman.hawaiiclub.UpdateEvent
ADDED from src/main/AndroidManifest.xml:41:9-154
	android:screenOrientation
		ADDED from src/main/AndroidManifest.xml:41:106-142
	android:label
		ADDED from src/main/AndroidManifest.xml:41:69-105
	android:name
		ADDED from src/main/AndroidManifest.xml:41:19-68
activity#com.chapman.hawaiiclub.UpdateMember
ADDED from src/main/AndroidManifest.xml:42:9-156
	android:screenOrientation
		ADDED from src/main/AndroidManifest.xml:42:108-144
	android:label
		ADDED from src/main/AndroidManifest.xml:42:70-107
	android:name
		ADDED from src/main/AndroidManifest.xml:42:19-69